<?xml version="1.0" encoding="UTF-8"?>
<!-- Generated by org.testng.reporters.JUnitReportReporter -->
<testsuite hostname="DESKTOP-UB5KGQB" failures="0" tests="1" name="SeleniumProgramPractice.AllLinksProgram" time="16.173" errors="0" timestamp="2024-11-23T16:47:56 IST" skipped="0">
  <testcase classname="SeleniumProgramPractice.AllLinksProgram" name="AllLinks" time="16.173"/>
  <system-out/>
</testsuite> <!-- SeleniumProgramPractice.AllLinksProgram -->
